[0.057s] Invoking command in '/home/hesham/Pictures/newaction/build/minimal_publisher': CMAKE_PREFIX_PATH=${CMAKE_PREFIX_PATH}:/opt/ros/foxy /usr/local/bin/cmake /home/hesham/Pictures/newaction/src/minimal_publisher -DCMAKE_INSTALL_PREFIX=/home/hesham/Pictures/newaction/install/minimal_publisher
[0.072s] -- Found ament_cmake: 0.9.12 (/opt/ros/foxy/share/ament_cmake/cmake)
[0.075s] [33mCMake Warning (dev) at /opt/ros/foxy/share/ament_cmake_core/cmake/core/python.cmake:22 (find_package):
[0.075s]   Policy CMP0148 is not set: The FindPythonInterp and FindPythonLibs modules
[0.075s]   are removed.  Run "cmake --help-policy CMP0148" for policy details.  Use
[0.075s]   the cmake_policy command to set the policy and suppress this warning.
[0.075s] 
[0.075s] Call Stack (most recent call first):
[0.075s]   /opt/ros/foxy/share/ament_cmake_core/cmake/core/all.cmake:53 (include)
[0.075s]   /opt/ros/foxy/share/ament_cmake_core/cmake/ament_cmake_core-extras.cmake:17 (include)
[0.076s]   /opt/ros/foxy/share/ament_cmake_core/cmake/ament_cmake_coreConfig.cmake:41 (include)
[0.076s]   /opt/ros/foxy/share/ament_cmake/cmake/ament_cmake_export_dependencies-extras.cmake:15 (find_package)
[0.076s]   /opt/ros/foxy/share/ament_cmake/cmake/ament_cmakeConfig.cmake:41 (include)
[0.076s]   CMakeLists.txt:5 (find_package)
[0.076s] This warning is for project developers.  Use -Wno-dev to suppress it.
[0.076s] [0m
[0.090s] -- Using PYTHON_EXECUTABLE: /usr/bin/python3
[0.268s] -- Found rclcpp: 2.4.3 (/opt/ros/foxy/share/rclcpp/cmake)
[0.330s] -- Using all available rosidl_typesupport_c: rosidl_typesupport_fastrtps_c;rosidl_typesupport_introspection_c
[0.339s] -- Found rosidl_adapter: 1.3.1 (/opt/ros/foxy/share/rosidl_adapter/cmake)
[0.559s] -- Using all available rosidl_typesupport_cpp: rosidl_typesupport_fastrtps_cpp;rosidl_typesupport_introspection_cpp
[0.676s] -- Found rmw_implementation_cmake: 1.0.4 (/opt/ros/foxy/share/rmw_implementation_cmake/cmake)
[0.679s] -- Using RMW implementation 'rmw_fastrtps_cpp' as default
[1.036s] -- Found ament_cmake_gtest: 0.9.12 (/opt/ros/foxy/share/ament_cmake_gtest/cmake)
[1.037s] -- Found gtest sources under '/opt/ros/foxy/src/gtest_vendor': C++ tests using 'Google Test' will be built
[1.039s] [0mCMake Deprecation Warning at /opt/ros/foxy/src/gtest_vendor/CMakeLists.txt:2 (cmake_minimum_required):
[1.039s]   Compatibility with CMake < 3.5 will be removed from a future version of
[1.039s]   CMake.
[1.039s] 
[1.039s]   Update the VERSION argument <min> value or use a ...<max> suffix to tell
[1.039s]   CMake that the project does not need compatibility with older versions.
[1.039s] 
[1.039s] [0m
[1.082s] -- Configuring done (1.0s)
[1.101s] -- Generating done (0.0s)
[1.103s] -- Build files have been written to: /home/hesham/Pictures/newaction/build/minimal_publisher
[1.111s] Invoked command in '/home/hesham/Pictures/newaction/build/minimal_publisher' returned '0': CMAKE_PREFIX_PATH=${CMAKE_PREFIX_PATH}:/opt/ros/foxy /usr/local/bin/cmake /home/hesham/Pictures/newaction/src/minimal_publisher -DCMAKE_INSTALL_PREFIX=/home/hesham/Pictures/newaction/install/minimal_publisher
[1.112s] Invoking command in '/home/hesham/Pictures/newaction/build/minimal_publisher': CMAKE_PREFIX_PATH=${CMAKE_PREFIX_PATH}:/opt/ros/foxy /usr/local/bin/cmake --build /home/hesham/Pictures/newaction/build/minimal_publisher -- -j20 -l20
[1.132s] [ 10%] [32mBuilding CXX object CMakeFiles/publisher_member_function.dir/main.cpp.o[0m
[1.132s] [ 30%] [32mBuilding CXX object gtest/CMakeFiles/gtest_main.dir/src/gtest_main.cc.o[0m
[1.132s] [ 30%] [32mBuilding CXX object CMakeFiles/publisher_member_function.dir/member_function.cpp.o[0m
[1.132s] [ 40%] [32mBuilding CXX object gtest/CMakeFiles/gtest.dir/src/gtest-all.cc.o[0m
[1.509s] [ 50%] [32m[1mLinking CXX static library libgtest_main.a[0m
[1.550s] [ 50%] Built target gtest_main
[2.705s] [ 60%] [32m[1mLinking CXX executable publisher_member_function[0m
[2.789s] [ 60%] Built target publisher_member_function
[2.885s] [ 70%] [32m[1mLinking CXX static library libgtest.a[0m
[2.941s] [ 70%] Built target gtest
[2.949s] [ 80%] [32mBuilding CXX object CMakeFiles/minimal_publisher_test.dir/test/test_simple_publisher.cpp.o[0m
[2.949s] [ 90%] [32mBuilding CXX object CMakeFiles/minimal_publisher_test.dir/member_function.cpp.o[0m
[5.598s] [100%] [32m[1mLinking CXX executable minimal_publisher_test[0m
[5.771s] [100%] Built target minimal_publisher_test
[5.782s] Invoked command in '/home/hesham/Pictures/newaction/build/minimal_publisher' returned '0': CMAKE_PREFIX_PATH=${CMAKE_PREFIX_PATH}:/opt/ros/foxy /usr/local/bin/cmake --build /home/hesham/Pictures/newaction/build/minimal_publisher -- -j20 -l20
[5.803s] Invoking command in '/home/hesham/Pictures/newaction/build/minimal_publisher': CMAKE_PREFIX_PATH=${CMAKE_PREFIX_PATH}:/opt/ros/foxy /usr/local/bin/cmake --install /home/hesham/Pictures/newaction/build/minimal_publisher
[5.806s] -- Install configuration: ""
[5.806s] -- Installing: /home/hesham/Pictures/newaction/install/minimal_publisher/lib/minimal_publisher/publisher_member_function
[5.807s] -- Set runtime path of "/home/hesham/Pictures/newaction/install/minimal_publisher/lib/minimal_publisher/publisher_member_function" to ""
[5.807s] -- Installing: /home/hesham/Pictures/newaction/install/minimal_publisher/share/ament_index/resource_index/package_run_dependencies/minimal_publisher
[5.807s] -- Installing: /home/hesham/Pictures/newaction/install/minimal_publisher/share/ament_index/resource_index/parent_prefix_path/minimal_publisher
[5.807s] -- Installing: /home/hesham/Pictures/newaction/install/minimal_publisher/share/minimal_publisher/environment/ament_prefix_path.sh
[5.807s] -- Installing: /home/hesham/Pictures/newaction/install/minimal_publisher/share/minimal_publisher/environment/ament_prefix_path.dsv
[5.808s] -- Installing: /home/hesham/Pictures/newaction/install/minimal_publisher/share/minimal_publisher/environment/path.sh
[5.808s] -- Installing: /home/hesham/Pictures/newaction/install/minimal_publisher/share/minimal_publisher/environment/path.dsv
[5.808s] -- Installing: /home/hesham/Pictures/newaction/install/minimal_publisher/share/minimal_publisher/local_setup.bash
[5.808s] -- Installing: /home/hesham/Pictures/newaction/install/minimal_publisher/share/minimal_publisher/local_setup.sh
[5.808s] -- Installing: /home/hesham/Pictures/newaction/install/minimal_publisher/share/minimal_publisher/local_setup.zsh
[5.808s] -- Installing: /home/hesham/Pictures/newaction/install/minimal_publisher/share/minimal_publisher/local_setup.dsv
[5.808s] -- Installing: /home/hesham/Pictures/newaction/install/minimal_publisher/share/minimal_publisher/package.dsv
[5.808s] -- Installing: /home/hesham/Pictures/newaction/install/minimal_publisher/share/ament_index/resource_index/packages/minimal_publisher
[5.808s] -- Installing: /home/hesham/Pictures/newaction/install/minimal_publisher/share/minimal_publisher/cmake/minimal_publisherConfig.cmake
[5.808s] -- Installing: /home/hesham/Pictures/newaction/install/minimal_publisher/share/minimal_publisher/cmake/minimal_publisherConfig-version.cmake
[5.808s] -- Installing: /home/hesham/Pictures/newaction/install/minimal_publisher/share/minimal_publisher/package.xml
[5.809s] Invoked command in '/home/hesham/Pictures/newaction/build/minimal_publisher' returned '0': CMAKE_PREFIX_PATH=${CMAKE_PREFIX_PATH}:/opt/ros/foxy /usr/local/bin/cmake --install /home/hesham/Pictures/newaction/build/minimal_publisher
