[0.039s] Invoking command in '/home/hesham/Pictures/newaction/build/examples_rclcpp_minimal_publisher': CMAKE_PREFIX_PATH=/opt/ros/foxy /usr/local/bin/cmake --build /home/hesham/Pictures/newaction/build/examples_rclcpp_minimal_publisher -- -j20 -l20
[0.061s] -- Found ament_cmake: 0.9.12 (/opt/ros/foxy/share/ament_cmake/cmake)
[0.063s] [33mCMake Warning (dev) at /opt/ros/foxy/share/ament_cmake_core/cmake/core/python.cmake:22 (find_package):
[0.063s]   Policy CMP0148 is not set: The FindPythonInterp and FindPythonLibs modules
[0.063s]   are removed.  Run "cmake --help-policy CMP0148" for policy details.  Use
[0.063s]   the cmake_policy command to set the policy and suppress this warning.
[0.063s] 
[0.063s] Call Stack (most recent call first):
[0.063s]   /opt/ros/foxy/share/ament_cmake_core/cmake/core/all.cmake:53 (include)
[0.063s]   /opt/ros/foxy/share/ament_cmake_core/cmake/ament_cmake_core-extras.cmake:17 (include)
[0.063s]   /opt/ros/foxy/share/ament_cmake_core/cmake/ament_cmake_coreConfig.cmake:41 (include)
[0.063s]   /opt/ros/foxy/share/ament_cmake/cmake/ament_cmake_export_dependencies-extras.cmake:15 (find_package)
[0.064s]   /opt/ros/foxy/share/ament_cmake/cmake/ament_cmakeConfig.cmake:41 (include)
[0.064s]   CMakeLists.txt:14 (find_package)
[0.064s] This warning is for project developers.  Use -Wno-dev to suppress it.
[0.064s] [0m
[0.078s] -- Using PYTHON_EXECUTABLE: /usr/bin/python3
[0.265s] -- Found rclcpp: 2.4.3 (/opt/ros/foxy/share/rclcpp/cmake)
[0.325s] -- Using all available rosidl_typesupport_c: rosidl_typesupport_fastrtps_c;rosidl_typesupport_introspection_c
[0.334s] -- Found rosidl_adapter: 1.3.1 (/opt/ros/foxy/share/rosidl_adapter/cmake)
[0.552s] -- Using all available rosidl_typesupport_cpp: rosidl_typesupport_fastrtps_cpp;rosidl_typesupport_introspection_cpp
[0.665s] -- Found rmw_implementation_cmake: 1.0.4 (/opt/ros/foxy/share/rmw_implementation_cmake/cmake)
[0.668s] -- Using RMW implementation 'rmw_fastrtps_cpp' as default
[1.011s] -- Found ament_cmake_gtest: 0.9.12 (/opt/ros/foxy/share/ament_cmake_gtest/cmake)
[1.013s] -- Found gtest sources under '/opt/ros/foxy/src/gtest_vendor': C++ tests using 'Google Test' will be built
[1.014s] [0mCMake Deprecation Warning at /opt/ros/foxy/src/gtest_vendor/CMakeLists.txt:2 (cmake_minimum_required):
[1.014s]   Compatibility with CMake < 3.5 will be removed from a future version of
[1.014s]   CMake.
[1.014s] 
[1.014s]   Update the VERSION argument <min> value or use a ...<max> suffix to tell
[1.014s]   CMake that the project does not need compatibility with older versions.
[1.014s] 
[1.014s] [0m
[1.059s] -- Configuring done (1.0s)
[1.063s] [31mCMake Error at /opt/ros/foxy/share/ament_cmake_gtest/cmake/ament_add_gtest_executable.cmake:50 (add_executable):
[1.063s]   Cannot find source file:
[1.063s] 
[1.063s]     src/member_function.cpp
[1.063s] 
[1.063s]   Tried extensions .c .C .c++ .cc .cpp .cxx .cu .mpp .m .M .mm .ixx .cppm
[1.063s]   .ccm .cxxm .c++m .h .hh .h++ .hm .hpp .hxx .in .txx .f .F .for .f77 .f90
[1.063s]   .f95 .f03 .hip .ispc
[1.063s] Call Stack (most recent call first):
[1.063s]   /opt/ros/foxy/share/ament_cmake_gtest/cmake/ament_add_gtest_executable.cmake:37 (_ament_add_gtest_executable)
[1.063s]   /opt/ros/foxy/share/ament_cmake_gtest/cmake/ament_add_gtest.cmake:68 (ament_add_gtest_executable)
[1.063s]   CMakeLists.txt:33 (ament_add_gtest)
[1.063s] 
[1.063s] [0m
[1.063s] [31mCMake Error at /opt/ros/foxy/share/ament_cmake_gtest/cmake/ament_add_gtest_executable.cmake:50 (add_executable):
[1.063s]   No SOURCES given to target:
[1.063s]   examples_rclcpp_minimal_publisher_test_simple_publisher
[1.063s] Call Stack (most recent call first):
[1.063s]   /opt/ros/foxy/share/ament_cmake_gtest/cmake/ament_add_gtest_executable.cmake:37 (_ament_add_gtest_executable)
[1.063s]   /opt/ros/foxy/share/ament_cmake_gtest/cmake/ament_add_gtest.cmake:68 (ament_add_gtest_executable)
[1.063s]   CMakeLists.txt:33 (ament_add_gtest)
[1.063s] 
[1.063s] [0m
[1.064s] [0mCMake Generate step failed.  Build files cannot be regenerated correctly.[0m
[1.069s] make: *** [Makefile:339: cmake_check_build_system] Error 1
[1.072s] Invoked command in '/home/hesham/Pictures/newaction/build/examples_rclcpp_minimal_publisher' returned '2': CMAKE_PREFIX_PATH=/opt/ros/foxy /usr/local/bin/cmake --build /home/hesham/Pictures/newaction/build/examples_rclcpp_minimal_publisher -- -j20 -l20
