[0.038s] Invoking command in '/home/hesham/Pictures/newaction/build/examples_rclcpp_minimal_publisher': CMAKE_PREFIX_PATH=/opt/ros/foxy /usr/local/bin/cmake /home/hesham/Pictures/newaction/src/minimal_publisher -DCMAKE_INSTALL_PREFIX=/home/hesham/Pictures/newaction/install/examples_rclcpp_minimal_publisher
[0.053s] -- Found ament_cmake: 0.9.12 (/opt/ros/foxy/share/ament_cmake/cmake)
[0.056s] [33mCMake Warning (dev) at /opt/ros/foxy/share/ament_cmake_core/cmake/core/python.cmake:22 (find_package):
[0.056s]   Policy CMP0148 is not set: The FindPythonInterp and FindPythonLibs modules
[0.056s]   are removed.  Run "cmake --help-policy CMP0148" for policy details.  Use
[0.056s]   the cmake_policy command to set the policy and suppress this warning.
[0.056s] 
[0.056s] Call Stack (most recent call first):
[0.056s]   /opt/ros/foxy/share/ament_cmake_core/cmake/core/all.cmake:53 (include)
[0.056s]   /opt/ros/foxy/share/ament_cmake_core/cmake/ament_cmake_core-extras.cmake:17 (include)
[0.056s]   /opt/ros/foxy/share/ament_cmake_core/cmake/ament_cmake_coreConfig.cmake:41 (include)
[0.057s]   /opt/ros/foxy/share/ament_cmake/cmake/ament_cmake_export_dependencies-extras.cmake:15 (find_package)
[0.057s]   /opt/ros/foxy/share/ament_cmake/cmake/ament_cmakeConfig.cmake:41 (include)
[0.057s]   CMakeLists.txt:14 (find_package)
[0.057s] This warning is for project developers.  Use -Wno-dev to suppress it.
[0.057s] [0m
[0.072s] -- Using PYTHON_EXECUTABLE: /usr/bin/python3
[0.267s] -- Found rclcpp: 2.4.3 (/opt/ros/foxy/share/rclcpp/cmake)
[0.342s] -- Using all available rosidl_typesupport_c: rosidl_typesupport_fastrtps_c;rosidl_typesupport_introspection_c
[0.351s] -- Found rosidl_adapter: 1.3.1 (/opt/ros/foxy/share/rosidl_adapter/cmake)
[0.584s] -- Using all available rosidl_typesupport_cpp: rosidl_typesupport_fastrtps_cpp;rosidl_typesupport_introspection_cpp
[0.714s] -- Found rmw_implementation_cmake: 1.0.4 (/opt/ros/foxy/share/rmw_implementation_cmake/cmake)
[0.718s] -- Using RMW implementation 'rmw_fastrtps_cpp' as default
[1.117s] -- Found ament_cmake_gtest: 0.9.12 (/opt/ros/foxy/share/ament_cmake_gtest/cmake)
[1.130s] -- Found gtest sources under '/opt/ros/foxy/src/gtest_vendor': C++ tests using 'Google Test' will be built
[1.131s] [0mCMake Deprecation Warning at /opt/ros/foxy/src/gtest_vendor/CMakeLists.txt:2 (cmake_minimum_required):
[1.131s]   Compatibility with CMake < 3.5 will be removed from a future version of
[1.131s]   CMake.
[1.131s] 
[1.131s]   Update the VERSION argument <min> value or use a ...<max> suffix to tell
[1.132s]   CMake that the project does not need compatibility with older versions.
[1.132s] 
[1.132s] [0m
[1.132s] [31mCMake Error at /opt/ros/foxy/share/ament_cmake_gtest/cmake/ament_add_gtest_executable.cmake:50 (add_executable):
[1.132s]   add_executable cannot create target "test_simple_publisher" because another
[1.132s]   target with the same name already exists.  The existing target is an
[1.132s]   executable created in source directory
[1.132s]   "/home/hesham/Pictures/newaction/src/minimal_publisher".  See documentation
[1.132s]   for policy CMP0002 for more details.
[1.132s] Call Stack (most recent call first):
[1.132s]   /opt/ros/foxy/share/ament_cmake_gtest/cmake/ament_add_gtest_executable.cmake:37 (_ament_add_gtest_executable)
[1.132s]   /opt/ros/foxy/share/ament_cmake_gtest/cmake/ament_add_gtest.cmake:68 (ament_add_gtest_executable)
[1.132s]   CMakeLists.txt:26 (ament_add_gtest)
[1.132s] 
[1.132s] [0m
[1.175s] -- Configuring incomplete, errors occurred!
[1.181s] Invoked command in '/home/hesham/Pictures/newaction/build/examples_rclcpp_minimal_publisher' returned '1': CMAKE_PREFIX_PATH=/opt/ros/foxy /usr/local/bin/cmake /home/hesham/Pictures/newaction/src/minimal_publisher -DCMAKE_INSTALL_PREFIX=/home/hesham/Pictures/newaction/install/examples_rclcpp_minimal_publisher
