[0.058s] Invoking command in '/home/hesham/Pictures/newaction/build/examples_rclcpp_minimal_publisher': CMAKE_PREFIX_PATH=${CMAKE_PREFIX_PATH}:/opt/ros/foxy /usr/local/bin/cmake --build /home/hesham/Pictures/newaction/build/examples_rclcpp_minimal_publisher -- -j20 -l20
[0.081s] [ 44%] Built target gtest
[0.081s] [ 44%] Built target gtest_main
[0.081s] [ 66%] Built target publisher_member_function
[0.097s] [100%] Built target examples_rclcpp_minimal_publisher_test_simple_publisher
[0.101s] Invoked command in '/home/hesham/Pictures/newaction/build/examples_rclcpp_minimal_publisher' returned '0': CMAKE_PREFIX_PATH=${CMAKE_PREFIX_PATH}:/opt/ros/foxy /usr/local/bin/cmake --build /home/hesham/Pictures/newaction/build/examples_rclcpp_minimal_publisher -- -j20 -l20
[0.119s] Invoking command in '/home/hesham/Pictures/newaction/build/examples_rclcpp_minimal_publisher': CMAKE_PREFIX_PATH=${CMAKE_PREFIX_PATH}:/opt/ros/foxy /usr/local/bin/cmake --install /home/hesham/Pictures/newaction/build/examples_rclcpp_minimal_publisher
[0.122s] -- Install configuration: ""
[0.122s] -- Up-to-date: /home/hesham/Pictures/newaction/install/examples_rclcpp_minimal_publisher/lib/examples_rclcpp_minimal_publisher/publisher_member_function
[0.122s] -- Up-to-date: /home/hesham/Pictures/newaction/install/examples_rclcpp_minimal_publisher/share/ament_index/resource_index/package_run_dependencies/examples_rclcpp_minimal_publisher
[0.122s] -- Up-to-date: /home/hesham/Pictures/newaction/install/examples_rclcpp_minimal_publisher/share/ament_index/resource_index/parent_prefix_path/examples_rclcpp_minimal_publisher
[0.123s] -- Up-to-date: /home/hesham/Pictures/newaction/install/examples_rclcpp_minimal_publisher/share/examples_rclcpp_minimal_publisher/environment/ament_prefix_path.sh
[0.123s] -- Up-to-date: /home/hesham/Pictures/newaction/install/examples_rclcpp_minimal_publisher/share/examples_rclcpp_minimal_publisher/environment/ament_prefix_path.dsv
[0.123s] -- Up-to-date: /home/hesham/Pictures/newaction/install/examples_rclcpp_minimal_publisher/share/examples_rclcpp_minimal_publisher/environment/path.sh
[0.123s] -- Up-to-date: /home/hesham/Pictures/newaction/install/examples_rclcpp_minimal_publisher/share/examples_rclcpp_minimal_publisher/environment/path.dsv
[0.123s] -- Up-to-date: /home/hesham/Pictures/newaction/install/examples_rclcpp_minimal_publisher/share/examples_rclcpp_minimal_publisher/local_setup.bash
[0.123s] -- Up-to-date: /home/hesham/Pictures/newaction/install/examples_rclcpp_minimal_publisher/share/examples_rclcpp_minimal_publisher/local_setup.sh
[0.123s] -- Up-to-date: /home/hesham/Pictures/newaction/install/examples_rclcpp_minimal_publisher/share/examples_rclcpp_minimal_publisher/local_setup.zsh
[0.123s] -- Up-to-date: /home/hesham/Pictures/newaction/install/examples_rclcpp_minimal_publisher/share/examples_rclcpp_minimal_publisher/local_setup.dsv
[0.123s] -- Installing: /home/hesham/Pictures/newaction/install/examples_rclcpp_minimal_publisher/share/examples_rclcpp_minimal_publisher/package.dsv
[0.123s] -- Up-to-date: /home/hesham/Pictures/newaction/install/examples_rclcpp_minimal_publisher/share/ament_index/resource_index/packages/examples_rclcpp_minimal_publisher
[0.123s] -- Up-to-date: /home/hesham/Pictures/newaction/install/examples_rclcpp_minimal_publisher/share/examples_rclcpp_minimal_publisher/cmake/examples_rclcpp_minimal_publisherConfig.cmake
[0.123s] -- Up-to-date: /home/hesham/Pictures/newaction/install/examples_rclcpp_minimal_publisher/share/examples_rclcpp_minimal_publisher/cmake/examples_rclcpp_minimal_publisherConfig-version.cmake
[0.123s] -- Up-to-date: /home/hesham/Pictures/newaction/install/examples_rclcpp_minimal_publisher/share/examples_rclcpp_minimal_publisher/package.xml
[0.124s] Invoked command in '/home/hesham/Pictures/newaction/build/examples_rclcpp_minimal_publisher' returned '0': CMAKE_PREFIX_PATH=${CMAKE_PREFIX_PATH}:/opt/ros/foxy /usr/local/bin/cmake --install /home/hesham/Pictures/newaction/build/examples_rclcpp_minimal_publisher
