[0.042s] Invoking command in '/home/hesham/Pictures/newaction/build/examples_rclcpp_minimal_publisher': CMAKE_PREFIX_PATH=/opt/ros/foxy /usr/local/bin/cmake --build /home/hesham/Pictures/newaction/build/examples_rclcpp_minimal_publisher -- -j20 -l20
[0.063s] -- Found ament_cmake: 0.9.12 (/opt/ros/foxy/share/ament_cmake/cmake)
[0.066s] [33mCMake Warning (dev) at /opt/ros/foxy/share/ament_cmake_core/cmake/core/python.cmake:22 (find_package):
[0.066s]   Policy CMP0148 is not set: The FindPythonInterp and FindPythonLibs modules
[0.066s]   are removed.  Run "cmake --help-policy CMP0148" for policy details.  Use
[0.066s]   the cmake_policy command to set the policy and suppress this warning.
[0.066s] 
[0.066s] Call Stack (most recent call first):
[0.066s]   /opt/ros/foxy/share/ament_cmake_core/cmake/core/all.cmake:53 (include)
[0.066s]   /opt/ros/foxy/share/ament_cmake_core/cmake/ament_cmake_core-extras.cmake:17 (include)
[0.066s]   /opt/ros/foxy/share/ament_cmake_core/cmake/ament_cmake_coreConfig.cmake:41 (include)
[0.066s]   /opt/ros/foxy/share/ament_cmake/cmake/ament_cmake_export_dependencies-extras.cmake:15 (find_package)
[0.066s]   /opt/ros/foxy/share/ament_cmake/cmake/ament_cmakeConfig.cmake:41 (include)
[0.066s]   CMakeLists.txt:15 (find_package)
[0.066s] This warning is for project developers.  Use -Wno-dev to suppress it.
[0.066s] [0m
[0.081s] -- Using PYTHON_EXECUTABLE: /usr/bin/python3
[0.260s] -- Found rclcpp: 2.4.3 (/opt/ros/foxy/share/rclcpp/cmake)
[0.323s] -- Using all available rosidl_typesupport_c: rosidl_typesupport_fastrtps_c;rosidl_typesupport_introspection_c
[0.332s] -- Found rosidl_adapter: 1.3.1 (/opt/ros/foxy/share/rosidl_adapter/cmake)
[0.558s] -- Using all available rosidl_typesupport_cpp: rosidl_typesupport_fastrtps_cpp;rosidl_typesupport_introspection_cpp
[0.678s] -- Found rmw_implementation_cmake: 1.0.4 (/opt/ros/foxy/share/rmw_implementation_cmake/cmake)
[0.681s] -- Using RMW implementation 'rmw_fastrtps_cpp' as default
[1.049s] -- Found ament_cmake_gtest: 0.9.12 (/opt/ros/foxy/share/ament_cmake_gtest/cmake)
[1.051s] -- Found gtest sources under '/opt/ros/foxy/src/gtest_vendor': C++ tests using 'Google Test' will be built
[1.052s] [0mCMake Deprecation Warning at /opt/ros/foxy/src/gtest_vendor/CMakeLists.txt:2 (cmake_minimum_required):
[1.052s]   Compatibility with CMake < 3.5 will be removed from a future version of
[1.052s]   CMake.
[1.052s] 
[1.052s]   Update the VERSION argument <min> value or use a ...<max> suffix to tell
[1.052s]   CMake that the project does not need compatibility with older versions.
[1.052s] 
[1.052s] [0m
[1.095s] -- Configuring done (1.0s)
[1.099s] [31mCMake Error at CMakeLists.txt:24 (add_executable):
[1.099s]   Cannot find source file:
[1.099s] 
[1.100s]     main.cpp
[1.100s] 
[1.100s]   Tried extensions .c .C .c++ .cc .cpp .cxx .cu .mpp .m .M .mm .ixx .cppm
[1.100s]   .ccm .cxxm .c++m .h .hh .h++ .hm .hpp .hxx .in .txx .f .F .for .f77 .f90
[1.100s]   .f95 .f03 .hip .ispc
[1.100s] 
[1.100s] [0m
[1.100s] [31mCMake Error at CMakeLists.txt:24 (add_executable):
[1.100s]   No SOURCES given to target: publisher_member_function
[1.100s] 
[1.100s] [0m
[1.100s] [0mCMake Generate step failed.  Build files cannot be regenerated correctly.[0m
[1.106s] make: *** [Makefile:336: cmake_check_build_system] Error 1
[1.107s] Invoked command in '/home/hesham/Pictures/newaction/build/examples_rclcpp_minimal_publisher' returned '2': CMAKE_PREFIX_PATH=/opt/ros/foxy /usr/local/bin/cmake --build /home/hesham/Pictures/newaction/build/examples_rclcpp_minimal_publisher -- -j20 -l20
