[ 22%] Built target gtest_main
[ 44%] Built target gtest
[ 55%] [32mBuilding CXX object CMakeFiles/publisher_member_function.dir/main.cpp.o[0m
[ 66%] [32mBuilding CXX object CMakeFiles/examples_rclcpp_minimal_publisher_test_simple_publisher.dir/member_function.cpp.o[0m
[ 77%] [32m[1mLinking CXX executable publisher_member_function[0m
[ 88%] [32m[1mLinking CXX executable examples_rclcpp_minimal_publisher_test_simple_publisher[0m
[ 88%] Built target publisher_member_function
[100%] Built target examples_rclcpp_minimal_publisher_test_simple_publisher
-- Install configuration: ""
-- Installing: /home/hesham/Pictures/newaction/install/examples_rclcpp_minimal_publisher/lib/examples_rclcpp_minimal_publisher/publisher_member_function
-- Set runtime path of "/home/hesham/Pictures/newaction/install/examples_rclcpp_minimal_publisher/lib/examples_rclcpp_minimal_publisher/publisher_member_function" to ""
-- Up-to-date: /home/hesham/Pictures/newaction/install/examples_rclcpp_minimal_publisher/share/ament_index/resource_index/package_run_dependencies/examples_rclcpp_minimal_publisher
-- Up-to-date: /home/hesham/Pictures/newaction/install/examples_rclcpp_minimal_publisher/share/ament_index/resource_index/parent_prefix_path/examples_rclcpp_minimal_publisher
-- Up-to-date: /home/hesham/Pictures/newaction/install/examples_rclcpp_minimal_publisher/share/examples_rclcpp_minimal_publisher/environment/ament_prefix_path.sh
-- Up-to-date: /home/hesham/Pictures/newaction/install/examples_rclcpp_minimal_publisher/share/examples_rclcpp_minimal_publisher/environment/ament_prefix_path.dsv
-- Up-to-date: /home/hesham/Pictures/newaction/install/examples_rclcpp_minimal_publisher/share/examples_rclcpp_minimal_publisher/environment/path.sh
-- Up-to-date: /home/hesham/Pictures/newaction/install/examples_rclcpp_minimal_publisher/share/examples_rclcpp_minimal_publisher/environment/path.dsv
-- Up-to-date: /home/hesham/Pictures/newaction/install/examples_rclcpp_minimal_publisher/share/examples_rclcpp_minimal_publisher/local_setup.bash
-- Up-to-date: /home/hesham/Pictures/newaction/install/examples_rclcpp_minimal_publisher/share/examples_rclcpp_minimal_publisher/local_setup.sh
-- Up-to-date: /home/hesham/Pictures/newaction/install/examples_rclcpp_minimal_publisher/share/examples_rclcpp_minimal_publisher/local_setup.zsh
-- Up-to-date: /home/hesham/Pictures/newaction/install/examples_rclcpp_minimal_publisher/share/examples_rclcpp_minimal_publisher/local_setup.dsv
-- Installing: /home/hesham/Pictures/newaction/install/examples_rclcpp_minimal_publisher/share/examples_rclcpp_minimal_publisher/package.dsv
-- Up-to-date: /home/hesham/Pictures/newaction/install/examples_rclcpp_minimal_publisher/share/ament_index/resource_index/packages/examples_rclcpp_minimal_publisher
-- Up-to-date: /home/hesham/Pictures/newaction/install/examples_rclcpp_minimal_publisher/share/examples_rclcpp_minimal_publisher/cmake/examples_rclcpp_minimal_publisherConfig.cmake
-- Up-to-date: /home/hesham/Pictures/newaction/install/examples_rclcpp_minimal_publisher/share/examples_rclcpp_minimal_publisher/cmake/examples_rclcpp_minimal_publisherConfig-version.cmake
-- Up-to-date: /home/hesham/Pictures/newaction/install/examples_rclcpp_minimal_publisher/share/examples_rclcpp_minimal_publisher/package.xml
