[0.040s] Invoking command in '/home/hesham/Pictures/newaction/build/examples_rclcpp_minimal_publisher': CMAKE_PREFIX_PATH=/opt/ros/foxy /usr/local/bin/cmake --build /home/hesham/Pictures/newaction/build/examples_rclcpp_minimal_publisher -- -j20 -l20
[0.061s] -- Found ament_cmake: 0.9.12 (/opt/ros/foxy/share/ament_cmake/cmake)
[0.064s] [33mCMake Warning (dev) at /opt/ros/foxy/share/ament_cmake_core/cmake/core/python.cmake:22 (find_package):
[0.064s]   Policy CMP0148 is not set: The FindPythonInterp and FindPythonLibs modules
[0.064s]   are removed.  Run "cmake --help-policy CMP0148" for policy details.  Use
[0.064s]   the cmake_policy command to set the policy and suppress this warning.
[0.064s] 
[0.064s] Call Stack (most recent call first):
[0.064s]   /opt/ros/foxy/share/ament_cmake_core/cmake/core/all.cmake:53 (include)
[0.064s]   /opt/ros/foxy/share/ament_cmake_core/cmake/ament_cmake_core-extras.cmake:17 (include)
[0.065s]   /opt/ros/foxy/share/ament_cmake_core/cmake/ament_cmake_coreConfig.cmake:41 (include)
[0.065s]   /opt/ros/foxy/share/ament_cmake/cmake/ament_cmake_export_dependencies-extras.cmake:15 (find_package)
[0.065s]   /opt/ros/foxy/share/ament_cmake/cmake/ament_cmakeConfig.cmake:41 (include)
[0.065s]   CMakeLists.txt:14 (find_package)
[0.065s] This warning is for project developers.  Use -Wno-dev to suppress it.
[0.065s] [0m
[0.079s] -- Using PYTHON_EXECUTABLE: /usr/bin/python3
[0.264s] -- Found rclcpp: 2.4.3 (/opt/ros/foxy/share/rclcpp/cmake)
[0.325s] -- Using all available rosidl_typesupport_c: rosidl_typesupport_fastrtps_c;rosidl_typesupport_introspection_c
[0.334s] -- Found rosidl_adapter: 1.3.1 (/opt/ros/foxy/share/rosidl_adapter/cmake)
[0.548s] -- Using all available rosidl_typesupport_cpp: rosidl_typesupport_fastrtps_cpp;rosidl_typesupport_introspection_cpp
[0.663s] -- Found rmw_implementation_cmake: 1.0.4 (/opt/ros/foxy/share/rmw_implementation_cmake/cmake)
[0.666s] -- Using RMW implementation 'rmw_fastrtps_cpp' as default
[1.013s] -- Found ament_cmake_gtest: 0.9.12 (/opt/ros/foxy/share/ament_cmake_gtest/cmake)
[1.014s] -- Found gtest sources under '/opt/ros/foxy/src/gtest_vendor': C++ tests using 'Google Test' will be built
[1.016s] [0mCMake Deprecation Warning at /opt/ros/foxy/src/gtest_vendor/CMakeLists.txt:2 (cmake_minimum_required):
[1.016s]   Compatibility with CMake < 3.5 will be removed from a future version of
[1.016s]   CMake.
[1.016s] 
[1.016s]   Update the VERSION argument <min> value or use a ...<max> suffix to tell
[1.016s]   CMake that the project does not need compatibility with older versions.
[1.016s] 
[1.016s] [0m
[1.022s] [31mCMake Error at CMakeLists.txt:42 (target_link_libraries):
[1.022s]   Target "publisher_member_function" of type EXECUTABLE may not be linked
[1.022s]   into another target.  One may link only to INTERFACE, OBJECT, STATIC or
[1.022s]   SHARED libraries, or to executables with the ENABLE_EXPORTS property set.
[1.022s] 
[1.022s] [0m
[1.058s] -- Configuring incomplete, errors occurred!
[1.065s] make: *** [Makefile:336: cmake_check_build_system] Error 1
[1.068s] Invoked command in '/home/hesham/Pictures/newaction/build/examples_rclcpp_minimal_publisher' returned '2': CMAKE_PREFIX_PATH=/opt/ros/foxy /usr/local/bin/cmake --build /home/hesham/Pictures/newaction/build/examples_rclcpp_minimal_publisher -- -j20 -l20
