[ 20%] Built target gtest_main
[ 40%] Built target gtest
[ 70%] Built target publisher_member_function
[100%] Built target minimal_publisher_test
-- Install configuration: ""
-- Up-to-date: /home/hesham/Pictures/newaction/install/minimal_publisher/lib/minimal_publisher/publisher_member_function
-- Up-to-date: /home/hesham/Pictures/newaction/install/minimal_publisher/share/ament_index/resource_index/package_run_dependencies/minimal_publisher
-- Up-to-date: /home/hesham/Pictures/newaction/install/minimal_publisher/share/ament_index/resource_index/parent_prefix_path/minimal_publisher
-- Up-to-date: /home/hesham/Pictures/newaction/install/minimal_publisher/share/minimal_publisher/environment/ament_prefix_path.sh
-- Up-to-date: /home/hesham/Pictures/newaction/install/minimal_publisher/share/minimal_publisher/environment/ament_prefix_path.dsv
-- Up-to-date: /home/hesham/Pictures/newaction/install/minimal_publisher/share/minimal_publisher/environment/path.sh
-- Up-to-date: /home/hesham/Pictures/newaction/install/minimal_publisher/share/minimal_publisher/environment/path.dsv
-- Up-to-date: /home/hesham/Pictures/newaction/install/minimal_publisher/share/minimal_publisher/local_setup.bash
-- Up-to-date: /home/hesham/Pictures/newaction/install/minimal_publisher/share/minimal_publisher/local_setup.sh
-- Up-to-date: /home/hesham/Pictures/newaction/install/minimal_publisher/share/minimal_publisher/local_setup.zsh
-- Up-to-date: /home/hesham/Pictures/newaction/install/minimal_publisher/share/minimal_publisher/local_setup.dsv
-- Installing: /home/hesham/Pictures/newaction/install/minimal_publisher/share/minimal_publisher/package.dsv
-- Up-to-date: /home/hesham/Pictures/newaction/install/minimal_publisher/share/ament_index/resource_index/packages/minimal_publisher
-- Up-to-date: /home/hesham/Pictures/newaction/install/minimal_publisher/share/minimal_publisher/cmake/minimal_publisherConfig.cmake
-- Up-to-date: /home/hesham/Pictures/newaction/install/minimal_publisher/share/minimal_publisher/cmake/minimal_publisherConfig-version.cmake
-- Up-to-date: /home/hesham/Pictures/newaction/install/minimal_publisher/share/minimal_publisher/package.xml
