[0.058s] Invoking command in '/home/hesham/Pictures/newaction/build/examples_rclcpp_minimal_publisher': CMAKE_PREFIX_PATH=${CMAKE_PREFIX_PATH}:/opt/ros/foxy /usr/local/bin/cmake /home/hesham/Pictures/newaction/src/minimal_publisher -DCMAKE_INSTALL_PREFIX=/home/hesham/Pictures/newaction/install/examples_rclcpp_minimal_publisher
[0.102s] -- The C compiler identification is GNU 8.4.0
[0.156s] -- The CXX compiler identification is GNU 9.4.0
[0.179s] -- Detecting C compiler ABI info
[0.228s] -- Detecting C compiler ABI info - done
[0.255s] -- Check for working C compiler: /usr/bin/cc - skipped
[0.256s] -- Detecting C compile features
[0.257s] -- Detecting C compile features - done
[0.269s] -- Detecting CXX compiler ABI info
[0.323s] -- Detecting CXX compiler ABI info - done
[0.354s] -- Check for working CXX compiler: /usr/bin/c++ - skipped
[0.354s] -- Detecting CXX compile features
[0.356s] -- Detecting CXX compile features - done
[0.359s] -- Found ament_cmake: 0.9.12 (/opt/ros/foxy/share/ament_cmake/cmake)
[0.364s] [33mCMake Warning (dev) at /opt/ros/foxy/share/ament_cmake_core/cmake/core/python.cmake:22 (find_package):
[0.365s]   Policy CMP0148 is not set: The FindPythonInterp and FindPythonLibs modules
[0.365s]   are removed.  Run "cmake --help-policy CMP0148" for policy details.  Use
[0.365s]   the cmake_policy command to set the policy and suppress this warning.
[0.365s] 
[0.365s] Call Stack (most recent call first):
[0.365s]   /opt/ros/foxy/share/ament_cmake_core/cmake/core/all.cmake:53 (include)
[0.365s]   /opt/ros/foxy/share/ament_cmake_core/cmake/ament_cmake_core-extras.cmake:17 (include)
[0.365s]   /opt/ros/foxy/share/ament_cmake_core/cmake/ament_cmake_coreConfig.cmake:41 (include)
[0.365s]   /opt/ros/foxy/share/ament_cmake/cmake/ament_cmake_export_dependencies-extras.cmake:15 (find_package)
[0.365s]   /opt/ros/foxy/share/ament_cmake/cmake/ament_cmakeConfig.cmake:41 (include)
[0.365s]   CMakeLists.txt:5 (find_package)
[0.365s] This warning is for project developers.  Use -Wno-dev to suppress it.
[0.365s] [0m
[0.380s] -- Found PythonInterp: /usr/bin/python3 (found suitable version "3.8.10", minimum required is "3") 
[0.380s] -- Using PYTHON_EXECUTABLE: /usr/bin/python3
[0.580s] -- Found rclcpp: 2.4.3 (/opt/ros/foxy/share/rclcpp/cmake)
[0.658s] -- Using all available rosidl_typesupport_c: rosidl_typesupport_fastrtps_c;rosidl_typesupport_introspection_c
[0.671s] -- Found rosidl_adapter: 1.3.1 (/opt/ros/foxy/share/rosidl_adapter/cmake)
[0.753s] -- Found OpenSSL: /usr/lib/x86_64-linux-gnu/libcrypto.so (found version "1.1.1f")  
[0.800s] -- Found FastRTPS: /opt/ros/foxy/include  
[0.970s] -- Using all available rosidl_typesupport_cpp: rosidl_typesupport_fastrtps_cpp;rosidl_typesupport_introspection_cpp
[1.113s] -- Found rmw_implementation_cmake: 1.0.4 (/opt/ros/foxy/share/rmw_implementation_cmake/cmake)
[1.117s] -- Using RMW implementation 'rmw_fastrtps_cpp' as default
[1.119s] -- Performing Test CMAKE_HAVE_LIBC_PTHREAD
[1.170s] -- Performing Test CMAKE_HAVE_LIBC_PTHREAD - Failed
[1.170s] -- Looking for pthread_create in pthreads
[1.211s] -- Looking for pthread_create in pthreads - not found
[1.211s] -- Looking for pthread_create in pthread
[1.259s] -- Looking for pthread_create in pthread - found
[1.261s] -- Found Threads: TRUE  
[1.651s] [31mCMake Error at CMakeLists.txt:11 (target_include_directories):
[1.651s]   target_include_directories called with invalid arguments
[1.651s] 
[1.651s] [0m
[1.653s] -- Found ament_cmake_gtest: 0.9.12 (/opt/ros/foxy/share/ament_cmake_gtest/cmake)
[1.656s] -- Found gtest sources under '/opt/ros/foxy/src/gtest_vendor': C++ tests using 'Google Test' will be built
[1.658s] [0mCMake Deprecation Warning at /opt/ros/foxy/src/gtest_vendor/CMakeLists.txt:2 (cmake_minimum_required):
[1.658s]   Compatibility with CMake < 3.5 will be removed from a future version of
[1.658s]   CMake.
[1.658s] 
[1.658s]   Update the VERSION argument <min> value or use a ...<max> suffix to tell
[1.658s]   CMake that the project does not need compatibility with older versions.
[1.658s] 
[1.658s] [0m
[1.660s] -- Check if compiler accepts -pthread
[1.707s] -- Check if compiler accepts -pthread - yes
[1.746s] [31mCMake Error at /opt/ros/foxy/share/ament_cmake_core/cmake/core/ament_package_xml.cmake:53 (message):
[1.746s]   ament_package_xml() package name 'examples_rclcpp_minimal_publisher' in
[1.746s]   '/package.xml' does not match current PROJECT_NAME 'minimal_publisher'.
[1.746s]   You must call project() with the same package name before.
[1.746s] Call Stack (most recent call first):
[1.747s]   /opt/ros/foxy/share/ament_cmake_core/cmake/core/ament_package.cmake:63 (ament_package_xml)
[1.747s]   CMakeLists.txt:35 (ament_package)
[1.747s] 
[1.747s] [0m
[1.747s] -- Configuring incomplete, errors occurred!
[1.756s] Invoked command in '/home/hesham/Pictures/newaction/build/examples_rclcpp_minimal_publisher' returned '1': CMAKE_PREFIX_PATH=${CMAKE_PREFIX_PATH}:/opt/ros/foxy /usr/local/bin/cmake /home/hesham/Pictures/newaction/src/minimal_publisher -DCMAKE_INSTALL_PREFIX=/home/hesham/Pictures/newaction/install/examples_rclcpp_minimal_publisher
