[0.077s] Invoking command in '/home/hesham/Pictures/newaction/build/examples_rclcpp_minimal_publisher': CMAKE_PREFIX_PATH=/opt/ros/foxy /usr/local/bin/cmake /home/hesham/Pictures/newaction/src/minimal_publisher -DCMAKE_INSTALL_PREFIX=/home/hesham/Pictures/newaction/install/examples_rclcpp_minimal_publisher
[0.169s] -- The C compiler identification is GNU 8.4.0
[0.297s] -- The CXX compiler identification is GNU 9.4.0
[0.342s] -- Detecting C compiler ABI info
[0.408s] -- Detecting C compiler ABI info - done
[0.439s] -- Check for working C compiler: /usr/bin/cc - skipped
[0.439s] -- Detecting C compile features
[0.440s] -- Detecting C compile features - done
[0.453s] -- Detecting CXX compiler ABI info
[0.511s] -- Detecting CXX compiler ABI info - done
[0.568s] -- Check for working CXX compiler: /usr/bin/c++ - skipped
[0.568s] -- Detecting CXX compile features
[0.571s] -- Detecting CXX compile features - done
[0.584s] -- Found ament_cmake: 0.9.12 (/opt/ros/foxy/share/ament_cmake/cmake)
[0.597s] [33mCMake Warning (dev) at /opt/ros/foxy/share/ament_cmake_core/cmake/core/python.cmake:22 (find_package):
[0.597s]   Policy CMP0148 is not set: The FindPythonInterp and FindPythonLibs modules
[0.597s]   are removed.  Run "cmake --help-policy CMP0148" for policy details.  Use
[0.597s]   the cmake_policy command to set the policy and suppress this warning.
[0.597s] 
[0.597s] Call Stack (most recent call first):
[0.597s]   /opt/ros/foxy/share/ament_cmake_core/cmake/core/all.cmake:53 (include)
[0.597s]   /opt/ros/foxy/share/ament_cmake_core/cmake/ament_cmake_core-extras.cmake:17 (include)
[0.597s]   /opt/ros/foxy/share/ament_cmake_core/cmake/ament_cmake_coreConfig.cmake:41 (include)
[0.597s]   /opt/ros/foxy/share/ament_cmake/cmake/ament_cmake_export_dependencies-extras.cmake:15 (find_package)
[0.597s]   /opt/ros/foxy/share/ament_cmake/cmake/ament_cmakeConfig.cmake:41 (include)
[0.597s]   CMakeLists.txt:14 (find_package)
[0.597s] This warning is for project developers.  Use -Wno-dev to suppress it.
[0.597s] [0m
[0.615s] -- Found PythonInterp: /usr/bin/python3 (found suitable version "3.8.10", minimum required is "3") 
[0.616s] -- Using PYTHON_EXECUTABLE: /usr/bin/python3
[0.869s] -- Found rclcpp: 2.4.3 (/opt/ros/foxy/share/rclcpp/cmake)
[1.026s] -- Using all available rosidl_typesupport_c: rosidl_typesupport_fastrtps_c;rosidl_typesupport_introspection_c
[1.053s] -- Found rosidl_adapter: 1.3.1 (/opt/ros/foxy/share/rosidl_adapter/cmake)
[1.185s] -- Found OpenSSL: /usr/lib/x86_64-linux-gnu/libcrypto.so (found version "1.1.1f")  
[1.260s] -- Found FastRTPS: /opt/ros/foxy/include  
[1.543s] -- Using all available rosidl_typesupport_cpp: rosidl_typesupport_fastrtps_cpp;rosidl_typesupport_introspection_cpp
[1.797s] -- Found rmw_implementation_cmake: 1.0.4 (/opt/ros/foxy/share/rmw_implementation_cmake/cmake)
[1.804s] -- Using RMW implementation 'rmw_fastrtps_cpp' as default
[1.807s] -- Performing Test CMAKE_HAVE_LIBC_PTHREAD
[1.866s] -- Performing Test CMAKE_HAVE_LIBC_PTHREAD - Failed
[1.866s] -- Looking for pthread_create in pthreads
[1.917s] -- Looking for pthread_create in pthreads - not found
[1.917s] -- Looking for pthread_create in pthread
[1.974s] -- Looking for pthread_create in pthread - found
[1.977s] -- Found Threads: TRUE  
[2.716s] [31mCMake Error at CMakeLists.txt:26 (ament_add_gtest):
[2.716s]   Unknown CMake command "ament_add_gtest".
[2.716s] 
[2.716s] [0m
[2.716s] -- Configuring incomplete, errors occurred!
[2.725s] Invoked command in '/home/hesham/Pictures/newaction/build/examples_rclcpp_minimal_publisher' returned '1': CMAKE_PREFIX_PATH=/opt/ros/foxy /usr/local/bin/cmake /home/hesham/Pictures/newaction/src/minimal_publisher -DCMAKE_INSTALL_PREFIX=/home/hesham/Pictures/newaction/install/examples_rclcpp_minimal_publisher
